     2.110          NAVIGATION                              RINEX VERSION / TYPE
GRID/dbm2nav        UT Austin           11/11/2013 20:01:19 PGM / RUN BY / DATE
   .279397D-07-.237159D-08-.120784D-07 .576702D-08          ION ALPHA
   .137216D+06-.312911D+05 .664019D+04-.126818D+05          ION BETA
   -.1862645149231D-08-.5329070518201D-14   319488     1766 DELTA-UTC: A0,A1,T,W
    16                                                      LEAP SECONDS
                                                            END OF HEADER
 1 13 11 11 16  0  0.0  .932952389121D-04  .329691829393D-11  .000000000000D+00
     .740000000000D+02 -.378437500000D+02  .451804533758D-08  .230608335491D+01
    -.191107392311D-05  .250502629206D-02  .114999711514D-04  .515369270134D+04
     .144000000000D+06 -.651925802231D-07  .181313131940D+01  .000000000000D+00
     .960173153100D+00  .156281250000D+03  .433501809685D+00 -.796176021070D-08
    -.135005623526D-09  .100000000000D+01  .176600000000D+04  .000000000000D+00
     .240000000000D+01  .000000000000D+00  .791624188423D-08  .740000000000D+02
     .136806000000D+06  .400000000000D+01
 2 13 11 11 22  0  0.0  .460812356323D-03  .216004991671D-11  .000000000000D+00
     .740000000000D+02 -.345312500000D+02  .512628495892D-08  .165096303209D-01
    -.174157321453D-05  .127373639261D-01  .108927488327D-04  .515376141167D+04
     .165600000000D+06  .800937414169D-07  .178764428016D+01  .171363353729D-06
     .938677127007D+00  .160250000000D+03 -.254288012734D+01 -.847713882114D-08
    -.151077721565D-09  .100000000000D+01  .176600000000D+04  .000000000000D+00
     .340000000000D+01  .000000000000D+00 -.176951289177D-07  .740000000000D+02
     .158406000000D+06  .400000000000D+01
 3 13 11 12  2  0  0.0  .284979119897D-03  .511590769747D-11  .000000000000D+00
     .690000000000D+02 -.187500000000D+02  .527450541861D-08  .227941214054D+01
    -.119954347610D-05  .167038651416D-01  .413693487644D-05  .515373708916D+04
     .180000000000D+06  .208616256714D-06  .615138079747D+00 -.160187482834D-06
     .936204584793D+00  .284000000000D+03  .135055086615D+01 -.841499337539D-08
     .546451333320D-10  .100000000000D+01  .176600000000D+04  .000000000000D+00
     .240000000000D+01  .000000000000D+00 -.465661287308D-08  .690000000000D+02
     .172806000000D+06  .400000000000D+01
 4 13 11 11 20  0  0.0  .309245660901D-05  .454747350886D-12  .000000000000D+00
     .670000000000D+02 -.479687500000D+02  .504842457286D-08  .226527943318D+01
    -.256858766079D-05  .106747501995D-01  .117085874081D-04  .515364055824D+04
     .158400000000D+06  .372529029846D-08  .180395245057D+01 -.216066837311D-06
     .937715223260D+00  .140062500000D+03  .105223568794D+01 -.810498046211D-08
    -.139648674071D-09  .100000000000D+01  .176600000000D+04  .000000000000D+00
     .240000000000D+01  .000000000000D+00 -.651925802231D-08  .670000000000D+02
     .151206000000D+06  .400000000000D+01
 5 13 11 12  0  0  0.0 -.397713389248D-03  .682121026330D-12  .000000000000D+00
     .580000000000D+02  .719687500000D+02  .497056418681D-08 -.297668371800D+01
     .371783971786D-05  .342446996365D-02  .875256955624D-05  .515374236107D+04
     .172800000000D+06 -.130385160446D-07  .285383859845D+01 -.167638063431D-07
     .948311112576D+00  .206843750000D+03  .326056961878D+00 -.823248577322D-08
     .293940815243D-09  .100000000000D+01  .176600000000D+04  .000000000000D+00
     .240000000000D+01  .000000000000D+00 -.102445483208D-07  .580000000000D+02
     .165606000000D+06  .400000000000D+01
 7 13 11 11 22  0  0.0  .279664993286D-03  .420641299570D-11  .000000000000D+00
     .620000000000D+02 -.149375000000D+02  .404302555110D-08 -.136945144589D+01
    -.936910510063D-06  .700709107332D-02  .928714871407D-05  .515366297340D+04
     .165600000000D+06  .484287738800D-07 -.130957095830D+01 -.158324837685D-06
     .974494392563D+00  .208687500000D+03 -.284287982938D+01 -.781139680460D-08
    -.202865593023D-09  .100000000000D+01  .176600000000D+04  .000000000000D+00
     .240000000000D+01  .000000000000D+00 -.107102096081D-07  .620000000000D+02
     .158406000000D+06  .400000000000D+01
 8 13 11 12  0  0  0.0  .982685014606D-05  .341060513165D-12  .000000000000D+00
     .140000000000D+02 -.158750000000D+02  .356157692540D-08 -.888921071199D+00
    -.955536961555D-06  .134901299607D-01  .952742993832D-05  .515367531586D+04
     .172800000000D+06  .303611159325D-06 -.121458117998D+01 -.633299350739D-07
     .997505602409D+00  .213937500000D+03 -.280871060687D+01 -.765281877062D-08
    -.211080220910D-09  .100000000000D+01  .176600000000D+04  .000000000000D+00
     .240000000000D+01  .000000000000D+00 -.465661287308D-08  .140000000000D+02
     .165606000000D+06  .400000000000D+01
 9 13 11 12  0  0  0.0  .282376538962D-03  .284217094304D-11  .000000000000D+00
     .440000000000D+02 -.299062500000D+02  .393944980818D-08  .858075990629D+00
    -.188313424587D-05  .168134957785D-01  .953674316406D-05  .515371245384D+04
     .172800000000D+06 -.188127160072D-06 -.133158844008D+01 -.247731804848D-06
     .983062389226D+00  .213062500000D+03  .174211760829D+01 -.804533512050D-08
    -.325727853587D-09  .100000000000D+01  .176600000000D+04  .000000000000D+00
     .240000000000D+01  .000000000000D+00 -.605359673500D-08  .440000000000D+02
     .165606000000D+06  .400000000000D+01
10 13 11 11 22  0  0.0 -.101367011666D-03 -.147792889038D-11  .000000000000D+00
     .290000000000D+02  .708125000000D+02  .504735309966D-08  .254745094027D+01
     .352971255779D-05  .131074633682D-01  .858306884766D-05  .515367597580D+04
     .165600000000D+06 -.130385160446D-07  .287232324571D+01 -.217929482460D-06
     .943128672615D+00  .204125000000D+03  .831579833427D+00 -.815248244076D-08
     .282868925483D-09  .100000000000D+01  .176600000000D+04  .000000000000D+00
     .340000000000D+01  .000000000000D+00 -.279396772385D-08  .290000000000D+02
     .158406000000D+06  .400000000000D+01
11 13 11 12  2  0  0.0 -.437110662460D-03 -.352429196937D-11  .000000000000D+00
     .300000000000D+02 -.712187500000D+02  .630526263950D-08  .971714336191D+00
    -.374019145966D-05  .147574684815D-01  .858120620251D-05  .515369352531D+04
     .180000000000D+06 -.208616256714D-06  .150330694773D+01 -.838190317154D-07
     .889213637260D+00  .179812500000D+03  .123960371200D+01 -.918323966165D-08
    -.341085636157D-09  .100000000000D+01  .176600000000D+04  .000000000000D+00
     .240000000000D+01  .000000000000D+00 -.116415321827D-07  .300000000000D+02
     .172806000000D+06  .400000000000D+01
12 13 11 12  1 59 44.0  .167555641383D-03  .227373675443D-11  .000000000000D+00
     .500000000000D+01  .298125000000D+02  .403302513454D-08  .422756467195D+00
     .152364373207D-05  .455412385054D-02  .784918665886D-05  .515372975731D+04
     .179984000000D+06  .106170773506D-06 -.249217934390D+00  .121071934700D-06
     .986095588942D+00  .240718750000D+03  .331385074833D+00 -.793711632704D-08
     .272154193457D-09  .100000000000D+01  .176600000000D+04  .000000000000D+00
     .240000000000D+01  .000000000000D+00 -.121071934700D-07  .500000000000D+01
     .172806000000D+06  .400000000000D+01
13 13 11 11 20  0  0.0  .608377158642D-04 -.386535248253D-11  .000000000000D+00
     .102000000000D+03 -.387500000000D+01  .433696636634D-08 -.599643786256D-01
    -.314787030220D-06  .502343371045D-02  .574812293053D-05  .515367622948D+04
     .158400000000D+06 -.409781932831D-07 -.227578534426D+01 -.298023223877D-07
     .979706446375D+00  .278437500000D+03  .219826626028D+01 -.818569811004D-08
    -.315727437029D-09  .100000000000D+01  .176600000000D+04  .000000000000D+00
     .240000000000D+01  .000000000000D+00 -.111758708954D-07  .102000000000D+03
     .151206000000D+06  .400000000000D+01
14 13 11 12  2  0  0.0  .210895203054D-03 -.102318153949D-11  .000000000000D+00
     .880000000000D+02 -.121875000000D+01  .463412160119D-08 -.292714037048D+01
     .186264514923D-07  .739315513056D-02  .475160777569D-05  .515357782173D+04
     .180000000000D+06  .149011611938D-06 -.230642409340D+01 -.763684511185D-07
     .972341416026D+00  .291968750000D+03 -.198896505656D+01 -.818926968738D-08
    -.201436962087D-09  .100000000000D+01  .176600000000D+04  .000000000000D+00
     .240000000000D+01  .000000000000D+00 -.884756445885D-08  .880000000000D+02
     .172806000000D+06  .400000000000D+01
15 13 11 12  2  0  0.0 -.146673526615D-03 -.193267624127D-11  .000000000000D+00
     .710000000000D+02  .812500000000D+01  .541165398854D-08  .287322019297D+01
     .461935997009D-06  .581774557941D-02  .465288758278D-05  .515359449768D+04
     .180000000000D+06 -.128522515297D-06 -.241192990034D+01 -.391155481339D-07
     .939004539777D+00  .279031250000D+03  .178778640997D+00 -.853749847822D-08
    -.100004165575D-09  .100000000000D+01  .176600000000D+04  .000000000000D+00
     .240000000000D+01  .000000000000D+00 -.102445483208D-07  .710000000000D+02
     .172806000000D+06  .400000000000D+01
16 13 11 11 22  0  0.0 -.242084264755D-03  .102318153949D-11  .000000000000D+00
     .780000000000D+02  .276875000000D+02  .389480509141D-08  .243843789694D+01
     .145845115185D-05  .712605426088D-02  .776164233685D-05  .515374819565D+04
     .165600000000D+06 -.147148966789D-06 -.230651292032D+00  .484287738800D-07
     .986742707829D+00  .244843750000D+03  .132924342775D+00 -.782211153663D-08
     .328585115460D-09  .100000000000D+01  .176600000000D+04  .000000000000D+00
     .240000000000D+01  .000000000000D+00 -.977888703346D-08  .780000000000D+02
     .158406000000D+06  .400000000000D+01
17 13 11 11 18  0  0.0 -.397982075810D-04 -.352429196937D-11  .000000000000D+00
     .150000000000D+02 -.460625000000D+02  .487341728311D-08 -.611955195716D+00
    -.224448740482D-05  .871967570856D-02  .550970435143D-05  .515369815636D+04
     .151200000000D+06 -.931322574615D-08  .803679094929D+00  .171363353729D-06
     .966719597397D+00  .278156250000D+03 -.218394114994D+01 -.844963767561D-08
    -.582167106740D-10  .100000000000D+01  .176600000000D+04  .000000000000D+00
     .240000000000D+01  .000000000000D+00 -.107102096081D-07  .150000000000D+02
     .144006000000D+06  .400000000000D+01
18 13 11 12  2  0  0.0  .284450594336D-03  .204636307899D-11  .000000000000D+00
     .540000000000D+02  .753750000000D+02  .543415492579D-08 -.115944268136D+01
     .420026481152D-05  .145745518385D-01  .834465026855D-05  .515365096855D+04
     .180000000000D+06  .206753611565D-06  .285273963537D+01  .340864062309D-06
     .926888084632D+00  .200468750000D+03 -.207264911285D+01 -.860035823944D-08
     .300369654459D-09  .100000000000D+01  .176600000000D+04  .000000000000D+00
     .240000000000D+01  .000000000000D+00 -.111758708954D-07  .540000000000D+02
     .172806000000D+06  .400000000000D+01
19 13 11 12  2  0  0.0 -.417936593294D-03 -.261479726760D-11  .000000000000D+00
     .270000000000D+02 -.402187500000D+02  .468626663039D-08  .272340712514D+01
    -.211223959923D-05  .959820754360D-02  .520423054695D-05  .515375419998D+04
     .180000000000D+06 -.689178705215D-07  .854877075942D+00 -.577419996262D-07
     .963860376676D+00  .282625000000D+03  .397084915952D+00 -.820998483597D-08
    -.664313385605D-10  .100000000000D+01  .176600000000D+04  .000000000000D+00
     .240000000000D+01  .000000000000D+00 -.149011611938D-07  .270000000000D+02
     .172806000000D+06  .400000000000D+01
20 13 11 11 18  0  0.0  .136151909828D-03  .284217094304D-11  .000000000000D+00
     .530000000000D+02  .685312500000D+02  .542629745564D-08  .140156410402D+01
     .344216823578D-05  .577476108447D-02  .876374542713D-05  .515364470673D+04
     .151200000000D+06 -.949949026108D-07  .279973803729D+01 -.670552253723D-07
     .927731911872D+00  .192062500000D+03  .129068603617D+01 -.856571393922D-08
     .212151694112D-09  .100000000000D+01  .176600000000D+04  .000000000000D+00
     .240000000000D+01  .000000000000D+00 -.791624188423D-08  .530000000000D+02
     .144006000000D+06  .400000000000D+01
21 13 11 12  2  0  0.0 -.328059308231D-03 -.181898940355D-11  .000000000000D+00
     .270000000000D+02 -.260000000000D+02  .518450166959D-08 -.134181978338D+00
    -.126287341118D-05  .206725802273D-01  .108871608973D-04  .515360741043D+04
     .180000000000D+06 -.912696123123D-07  .180633644381D+01  .331550836563D-06
     .931566518593D+00  .158468750000D+03 -.209241536705D+01 -.871214861025D-08
    -.122147945095D-09  .100000000000D+01  .176600000000D+04  .000000000000D+00
     .240000000000D+01  .000000000000D+00 -.111758708954D-07  .270000000000D+02
     .172806000000D+06  .400000000000D+01
22 13 11 12  2  0  0.0  .194634776562D-03  .216004991671D-11  .000000000000D+00
     .500000000000D+02  .777187500000D+02  .542451166697D-08 -.172572148579D+01
     .404193997383D-05  .671205809340D-02  .858679413795D-05  .515364606476D+04
     .180000000000D+06  .180676579475D-06  .285501032415D+01  .204890966415D-07
     .924649187990D+00  .191500000000D+03 -.204505708810D+01 -.845570935709D-08
     .352157525917D-09  .100000000000D+01  .176600000000D+04  .000000000000D+00
     .240000000000D+01  .000000000000D+00 -.172294676304D-07  .500000000000D+02
     .172806000000D+06  .400000000000D+01
23 13 11 11 20  0  0.0  .310554169118D-04 -.341060513165D-11  .000000000000D+00
     .800000000000D+02  .150000000000D+01  .494163441034D-08 -.817930200636D+00
    -.149011611938D-07  .884731288534D-02  .505335628986D-05  .515363161087D+04
     .158400000000D+06  .163912773132D-06 -.236803259299D+01 -.186264514923D-08
     .953981959441D+00  .276343750000D+03 -.280993206886D+01 -.845463788389D-08
    -.266796827444D-09  .100000000000D+01  .176600000000D+04  .000000000000D+00
     .240000000000D+01  .000000000000D+00 -.200234353542D-07  .800000000000D+02
     .151206000000D+06  .400000000000D+01
24 13 11 12  2  0  0.0 -.172085128725D-04 -.682121026330D-12  .000000000000D+00
     .750000000000D+02 -.261562500000D+02  .459804867004D-08  .182884858062D+01
    -.131130218506D-05  .130861916114D-02  .891089439392D-05  .515364962196D+04
     .180000000000D+06  .465661287308D-07 -.134104847738D+01  .838190317154D-07
     .957933868785D+00  .205062500000D+03  .757650890858D-01 -.816105422638D-08
    -.261082303697D-09  .100000000000D+01  .176600000000D+04  .000000000000D+00
     .240000000000D+01  .000000000000D+00  .279396772385D-08  .750000000000D+02
     .172806000000D+06  .400000000000D+01
25 13 11 11 22  0  0.0  .165827106684D-03  .329691829393D-11  .000000000000D+00
     .650000000000D+02  .339687500000D+02  .411267130927D-08 -.259099642314D+01
     .184029340744D-05  .277896411717D-02  .836327672005D-05  .515369763565D+04
     .165600000000D+06  .558793544769D-08 -.289263562771D+00 -.186264514923D-07
     .974864499134D+00  .225031250000D+03  .686694609530D+00 -.792318717541D-08
     .410374236591D-09  .100000000000D+01  .176600000000D+04  .000000000000D+00
     .240000000000D+01  .000000000000D+00  .558793544769D-08  .650000000000D+02
     .158406000000D+06  .400000000000D+01
26 13 11 12  0  0  0.0  .251722522080D-03 -.102318153949D-10  .000000000000D+00
     .100000000000D+03 -.371875000000D+01  .460947771753D-08  .128323276846D+01
    -.437721610069D-06  .211332833860D-01  .590272247791D-05  .515367942810D+04
     .172800000000D+06 -.480562448502D-06 -.228391900639D+01 -.154599547386D-06
     .977131905123D+00  .280250000000D+03  .125438670546D+01 -.841999358367D-08
    -.265725354242D-09  .100000000000D+01  .176600000000D+04  .000000000000D+00
     .240000000000D+01  .000000000000D+00 -.605359673500D-08  .100000000000D+03
     .165606000000D+06  .400000000000D+01
27 13 11 12  2  0  0.0 -.572381541133D-04 -.352429196937D-11  .000000000000D+00
     .660000000000D+02 -.316875000000D+02  .479162816197D-08  .300102603993D+01
    -.160001218319D-05  .453468761407D-03  .505894422531D-05  .515366186142D+04
     .180000000000D+06  .484287738800D-07  .759147858355D+00  .558793544769D-07
     .961390447234D+00  .283062500000D+03  .712755750487D+00 -.836534845034D-08
     .857178562071D-11  .100000000000D+01  .176600000000D+04  .000000000000D+00
     .240000000000D+01  .000000000000D+00  .186264514923D-08  .660000000000D+02
     .172806000000D+06  .400000000000D+01
28 13 11 11 16  0  0.0  .307947397232D-03  .306954461848D-11  .000000000000D+00
     .113000000000D+03  .315937500000D+02  .417767401689D-08 -.860697296983D+00
     .193715095520D-05  .190131746931D-01  .782869756222D-05  .515365339851D+04
     .144000000000D+06 -.260770320892D-06 -.224447545073D+00  .268220901489D-06
     .985215013200D+00  .247062500000D+03 -.175591592623D+01 -.822391398760D-08
     .422874757288D-09  .100000000000D+01  .176600000000D+04  .000000000000D+00
     .240000000000D+01  .000000000000D+00 -.107102096081D-07  .113000000000D+03
     .136806000000D+06  .400000000000D+01
29 13 11 12  0  0  0.0  .486323144287D-03  .306954461848D-11  .000000000000D+00
     .710000000000D+02 -.408125000000D+02  .465090801470D-08 -.798293717509D+00
    -.204145908356D-05  .140626030043D-02  .542961061001D-05  .515354342651D+04
     .172800000000D+06 -.502914190292D-07  .812397855540D+00  .558793544769D-07
     .967394804311D+00  .278343750000D+03 -.104058466604D+01 -.827784480546D-08
    -.414302971667D-10  .100000000000D+01  .176600000000D+04  .000000000000D+00
     .240000000000D+01  .000000000000D+00 -.931322574615D-08  .710000000000D+02
     .165606000000D+06  .400000000000D+01
31 13 11 12  2  0  0.0  .329528469592D-03  .682121026330D-12  .000000000000D+00
     .860000000000D+02 -.374375000000D+02  .403231081907D-08  .798311197917D+00
    -.211969017982D-05  .810119113885D-02  .102035701275D-04  .515371250534D+04
     .180000000000D+06  .111758708954D-06 -.130441499862D+01 -.141561031342D-06
     .979458269637D+00  .190812500000D+03 -.723100487489D+00 -.793175896103D-08
    -.311084386485D-09  .100000000000D+01  .176600000000D+04  .000000000000D+00
     .240000000000D+01  .000000000000D+00 -.130385160446D-07  .860000000000D+02
     .172806000000D+06  .400000000000D+01
32 13 11 11 16  0  0.0 -.530675984919D-03  .454747350886D-11  .000000000000D+00
     .520000000000D+02  .706562500000D+02  .488877506568D-08  .230418945677D+01
     .367872416973D-05  .115953329951D-01  .814907252789D-05  .515355813217D+04
     .144000000000D+06 -.149011611938D-07  .294288975446D+01  .204890966415D-06
     .948848184913D+00  .214718750000D+03 -.246347241466D+00 -.823212861549D-08
     .889322758148D-10  .100000000000D+01  .176600000000D+04  .000000000000D+00
     .240000000000D+01  .000000000000D+00 -.325962901115D-08  .520000000000D+02
     .136806000000D+06  .400000000000D+01
